<?xml version="1.0" encoding="UTF-8"?>
<!-- Generated by org.testng.reporters.JUnitReportReporter -->
<testsuite skipped="0" hostname="MININT-1TH8HFR" name="com.atp.testcases.TC_005_ShippingAddress" tests="1" failures="0" timestamp="27 Sep 2019 06:18:21 GMT" time="7.226" errors="0">
  <testcase name="ShippinDetails" time="7.226" classname="com.atp.testcases.TC_005_ShippingAddress"/>
</testsuite> <!-- com.atp.testcases.TC_005_ShippingAddress -->
