<?xml version="1.0" encoding="UTF-8"?>
<!-- Generated by org.testng.reporters.JUnitReportReporter -->
<testsuite skipped="0" hostname="MININT-1TH8HFR" name="com.atp.testcases.TC_002_Addtocart" tests="4" failures="0" timestamp="27 Sep 2019 11:33:15 GMT" time="15.682" errors="0">
  <testcase name="Additem" time="2.630" classname="com.atp.testcases.TC_002_Addtocart"/>
  <testcase name="Addbasket" time="2.774" classname="com.atp.testcases.TC_002_Addtocart"/>
  <testcase name="imageclick" time="0.133" classname="com.atp.testcases.TC_002_Addtocart"/>
  <testcase name="popup" time="10.145" classname="com.atp.testcases.TC_002_Addtocart"/>
</testsuite> <!-- com.atp.testcases.TC_002_Addtocart -->
