<?xml version="1.0" encoding="UTF-8"?>
<!-- Generated by org.testng.reporters.JUnitReportReporter -->
<testsuite skipped="0" hostname="MININT-1TH8HFR" name="com.atp.testcases.TC_002_Addtocart" tests="4" failures="0" timestamp="06 Sep 2019 05:32:29 GMT" time="16.171" errors="0">
  <testcase name="Additem" time="2.952" classname="com.atp.testcases.TC_002_Addtocart"/>
  <testcase name="Addbasket" time="2.817" classname="com.atp.testcases.TC_002_Addtocart"/>
  <testcase name="imageclick" time="0.139" classname="com.atp.testcases.TC_002_Addtocart"/>
  <testcase name="popup" time="10.263" classname="com.atp.testcases.TC_002_Addtocart"/>
</testsuite> <!-- com.atp.testcases.TC_002_Addtocart -->
