<?xml version="1.0" encoding="UTF-8"?>
<!-- Generated by org.testng.reporters.JUnitReportReporter -->
<testsuite skipped="0" hostname="MININT-1TH8HFR" name="com.atp.testcases.TC_001_Shop_verify" tests="2" failures="0" timestamp="27 Sep 2019 06:18:21 GMT" time="8.630" errors="0">
  <testcase name="Title_Verification" time="4.235" classname="com.atp.testcases.TC_001_Shop_verify"/>
  <testcase name="count_slides" time="4.395" classname="com.atp.testcases.TC_001_Shop_verify"/>
</testsuite> <!-- com.atp.testcases.TC_001_Shop_verify -->
