<?xml version="1.0" encoding="UTF-8"?>
<!-- Generated by org.testng.reporters.JUnitReportReporter -->
<testsuite skipped="0" hostname="MININT-1TH8HFR" name="com.atp.testcases.TC_006_FilterByPrice" tests="1" failures="0" timestamp="04 Oct 2019 07:41:02 GMT" time="7.434" errors="0">
  <testcase name="priceFilter" time="7.434" classname="com.atp.testcases.TC_006_FilterByPrice"/>
</testsuite> <!-- com.atp.testcases.TC_006_FilterByPrice -->
