<?xml version="1.0" encoding="UTF-8"?>
<!-- Generated by org.testng.reporters.JUnitReportReporter -->
<testsuite skipped="0" hostname="MININT-1TH8HFR" name="com.atp.testcases.TC_002_Addtocart" tests="4" failures="0" timestamp="27 Sep 2019 06:18:21 GMT" time="17.390" errors="0">
  <testcase name="Additem" time="3.429" classname="com.atp.testcases.TC_002_Addtocart"/>
  <testcase name="Addbasket" time="3.670" classname="com.atp.testcases.TC_002_Addtocart"/>
  <testcase name="imageclick" time="0.109" classname="com.atp.testcases.TC_002_Addtocart"/>
  <testcase name="popup" time="10.182" classname="com.atp.testcases.TC_002_Addtocart"/>
</testsuite> <!-- com.atp.testcases.TC_002_Addtocart -->
