<?xml version="1.0" encoding="UTF-8"?>
<!-- Generated by org.testng.reporters.JUnitReportReporter -->
<testsuite skipped="0" hostname="MININT-1TH8HFR" name="com.atp.testcases.TC_005_ShippingAddress" tests="1" failures="0" timestamp="04 Oct 2019 07:41:02 GMT" time="7.959" errors="0">
  <testcase name="ShippinDetails" time="7.959" classname="com.atp.testcases.TC_005_ShippingAddress"/>
</testsuite> <!-- com.atp.testcases.TC_005_ShippingAddress -->
