<?xml version="1.0" encoding="UTF-8"?>
<!-- Generated by org.testng.reporters.JUnitReportReporter -->
<testsuite skipped="0" hostname="MININT-1TH8HFR" name="com.atp.testcases.TC_002_Addtocart" tests="4" failures="0" timestamp="04 Oct 2019 07:41:02 GMT" time="15.399" errors="0">
  <testcase name="Additem" time="2.898" classname="com.atp.testcases.TC_002_Addtocart"/>
  <testcase name="Addbasket" time="2.272" classname="com.atp.testcases.TC_002_Addtocart"/>
  <testcase name="imageclick" time="0.075" classname="com.atp.testcases.TC_002_Addtocart"/>
  <testcase name="popup" time="10.154" classname="com.atp.testcases.TC_002_Addtocart"/>
</testsuite> <!-- com.atp.testcases.TC_002_Addtocart -->
