<?xml version="1.0" encoding="UTF-8"?>
<!-- Generated by org.testng.reporters.JUnitReportReporter -->
<testsuite skipped="0" hostname="MININT-1TH8HFR" name="com.atp.testcases.TC_001_Homepagetitle_Verification" tests="1" failures="0" timestamp="05 Sep 2019 07:04:25 GMT" time="0.004" errors="0">
  <testcase name="Title_Verification" time="0.004" classname="com.atp.testcases.TC_001_Homepagetitle_Verification"/>
</testsuite> <!-- com.atp.testcases.TC_001_Homepagetitle_Verification -->
