<?xml version="1.0" encoding="UTF-8"?>
<!-- Generated by org.testng.reporters.JUnitReportReporter -->
<testsuite skipped="0" hostname="MININT-1TH8HFR" name="com.atp.testcases.TC_001_Shop_verify" tests="2" failures="0" timestamp="04 Oct 2019 07:41:02 GMT" time="7.028" errors="0">
  <testcase name="Title_Verification" time="3.472" classname="com.atp.testcases.TC_001_Shop_verify"/>
  <testcase name="count_slides" time="3.556" classname="com.atp.testcases.TC_001_Shop_verify"/>
</testsuite> <!-- com.atp.testcases.TC_001_Shop_verify -->
