<?xml version="1.0" encoding="UTF-8"?>
<!-- Generated by org.testng.reporters.JUnitReportReporter -->
<testsuite skipped="0" hostname="MININT-1TH8HFR" name="com.atp.testcases.TC_001_Shop_verify" tests="2" failures="0" timestamp="19 Sep 2019 05:44:00 GMT" time="6.191" errors="0">
  <testcase name="Title_Verification" time="3.362" classname="com.atp.testcases.TC_001_Shop_verify"/>
  <testcase name="count_slides" time="2.829" classname="com.atp.testcases.TC_001_Shop_verify"/>
</testsuite> <!-- com.atp.testcases.TC_001_Shop_verify -->
