<?xml version="1.0" encoding="UTF-8"?>
<!-- Generated by org.testng.reporters.JUnitReportReporter -->
<testsuite skipped="0" hostname="MININT-1TH8HFR" name="com.atp.testcases.TC_002_Addtocart" tests="4" failures="0" timestamp="19 Sep 2019 05:44:00 GMT" time="15.296" errors="0">
  <testcase name="Additem" time="2.674" classname="com.atp.testcases.TC_002_Addtocart"/>
  <testcase name="Addbasket" time="2.344" classname="com.atp.testcases.TC_002_Addtocart"/>
  <testcase name="imageclick" time="0.077" classname="com.atp.testcases.TC_002_Addtocart"/>
  <testcase name="popup" time="10.201" classname="com.atp.testcases.TC_002_Addtocart"/>
</testsuite> <!-- com.atp.testcases.TC_002_Addtocart -->
