<?xml version="1.0" encoding="UTF-8"?>
<!-- Generated by org.testng.reporters.JUnitReportReporter -->
<testsuite skipped="0" hostname="MININT-1TH8HFR" name="com.atp.testcases.TC_003_ViewBasket" tests="1" failures="0" timestamp="04 Oct 2019 07:50:22 GMT" time="12.671" errors="0">
  <testcase name="Basket" time="12.671" classname="com.atp.testcases.TC_003_ViewBasket"/>
</testsuite> <!-- com.atp.testcases.TC_003_ViewBasket -->
