<?xml version="1.0" encoding="UTF-8"?>
<!-- Generated by org.testng.reporters.JUnitReportReporter -->
<testsuite skipped="0" hostname="MININT-1TH8HFR" name="com.atp.testcases.TC_003_ViewBasket" tests="1" failures="0" timestamp="16 Sep 2019 05:58:30 GMT" time="12.831" errors="0">
  <testcase name="Basket" time="12.831" classname="com.atp.testcases.TC_003_ViewBasket"/>
</testsuite> <!-- com.atp.testcases.TC_003_ViewBasket -->
