<?xml version="1.0" encoding="UTF-8"?>
<!-- Generated by org.testng.reporters.JUnitReportReporter -->
<testsuite skipped="0" hostname="MININT-1TH8HFR" name="com.atp.testcases.TC_002_Addtocart" tests="4" failures="0" timestamp="30 Sep 2019 09:09:06 GMT" time="16.999" errors="0">
  <testcase name="Additem" time="4.054" classname="com.atp.testcases.TC_002_Addtocart"/>
  <testcase name="Addbasket" time="2.657" classname="com.atp.testcases.TC_002_Addtocart"/>
  <testcase name="imageclick" time="0.099" classname="com.atp.testcases.TC_002_Addtocart"/>
  <testcase name="popup" time="10.189" classname="com.atp.testcases.TC_002_Addtocart"/>
</testsuite> <!-- com.atp.testcases.TC_002_Addtocart -->
