<?xml version="1.0" encoding="UTF-8"?>
<!-- Generated by org.testng.reporters.JUnitReportReporter -->
<testsuite skipped="0" hostname="MININT-1TH8HFR" name="com.atp.testcases.TC_004_Checkout" tests="1" failures="0" timestamp="04 Oct 2019 07:50:22 GMT" time="2.990" errors="0">
  <testcase name="checkoutpage" time="2.990" classname="com.atp.testcases.TC_004_Checkout"/>
</testsuite> <!-- com.atp.testcases.TC_004_Checkout -->
